<?xml version="1.0" encoding="UTF-8"?>
<testsuite xmlns:xsi="http://www.w3.org/2001/XMLSchema-instance" xsi:noNamespaceSchemaLocation="https://maven.apache.org/surefire/maven-surefire-plugin/xsd/surefire-test-report.xsd" name="cucumber.Options.TestRunner" time="6.346" tests="4" errors="0" skipped="0" failures="0">
  <properties>
[...]
</properties>
  <testcase name="Verify if Place is being successfully added using AddPlaceAPI #1" classname="Validating Place API&apos;s" time="2.468"/>
  <testcase name="Verify if Place is being successfully added using AddPlaceAPI #2" classname="Validating Place API&apos;s" time="1.408"/>
  <testcase name="Verify if Place is being successfully added using AddPlaceAPI #3" classname="Validating Place API&apos;s" time="1.393"/>
  <testcase name="Verify is delete place functionality is working" classname="Validating Place API&apos;s" time="0.844"/>
</testsuite>